{"name":"renovate","hostname":"runner-403a8028-project-10046-concurrent-06zcq4","pid":93,"level":20,"config":{},"msg":"File config","time":"2019-01-22T08:54:13.148Z","v":0}
{"name":"renovate","hostname":"runner-403a8028-project-10046-concurrent-06zcq4","pid":93,"level":20,"config":{"repositories":["mygroup/myrepo"],"logFile":"renovate.log","platform":"gitlab","endpoint":"https://my.private.gitlab.com/api/v4/","token":"***********","pinDigests":true},"msg":"CLI config","time":"2019-01-22T08:54:13.149Z","v":0}
{"name":"renovate","hostname":"runner-403a8028-project-10046-concurrent-06zcq4","pid":93,"level":20,"config":{"hostRules":[]},"msg":"Env config","time":"2019-01-22T08:54:13.150Z","v":0}
{"name":"renovate","hostname":"runner-403a8028-project-10046-concurrent-06zcq4","pid":93,"level":20,"config":{"hostRules":[],"repositories":["mygroup/myrepo"],"logFile":"renovate.log","platform":"gitlab","endpoint":"https://my.private.gitlab.com/api/v4/","token":"***********","pinDigests":true},"msg":"Combined config","time":"2019-01-22T08:54:13.150Z","v":0}
{"name":"renovate","hostname":"runner-403a8028-project-10046-concurrent-06zcq4","pid":93,"level":30,"repository":"mygroup/myrepo","msg":"Renovating repository","time":"2019-01-22T08:54:13.154Z","v":0}
{"name":"renovate","hostname":"runner-403a8028-project-10046-concurrent-06zcq4","pid":93,"level":20,"repository":"mygroup/myrepo","msg":"Using localDir: /tmp/renovate/gitlab/mygroup/myrepo","time":"2019-01-22T08:54:13.158Z","v":0}
{"name":"renovate","hostname":"runner-403a8028-project-10046-concurrent-06zcq4","pid":93,"level":20,"repository":"mygroup/myrepo","path":"projects/mygroup%2Fmyrepo","msg":"GET","time":"2019-01-22T08:54:13.159Z","v":0}
{"name":"renovate","hostname":"runner-403a8028-project-10046-concurrent-06zcq4","pid":93,"level":20,"repository":"mygroup/myrepo","msg":"mygroup/myrepo default branch = master","time":"2019-01-22T08:54:15.902Z","v":0}
{"name":"renovate","hostname":"runner-403a8028-project-10046-concurrent-06zcq4","pid":93,"level":20,"repository":"mygroup/myrepo","path":"user","msg":"GET","time":"2019-01-22T08:54:15.902Z","v":0}
{"name":"renovate","hostname":"runner-403a8028-project-10046-concurrent-06zcq4","pid":93,"level":20,"repository":"mygroup/myrepo","path":"projects/mygroup%2Fmyrepo/merge_requests?per_page=100","msg":"GET","time":"2019-01-22T08:54:16.014Z","v":0}
{"name":"renovate","hostname":"runner-403a8028-project-10046-concurrent-06zcq4","pid":93,"level":20,"repository":"mygroup/myrepo","path":"projects/mygroup%2Fmyrepo/repository/tree?ref=master&per_page=100&recursive=true","msg":"GET","time":"2019-01-22T08:54:16.015Z","v":0}
{"name":"renovate","hostname":"runner-403a8028-project-10046-concurrent-06zcq4","pid":93,"level":20,"repository":"mygroup/myrepo","msg":"Retrieved fileList with length 8","time":"2019-01-22T08:54:16.133Z","v":0}
{"name":"renovate","hostname":"runner-403a8028-project-10046-concurrent-06zcq4","pid":93,"level":20,"repository":"mygroup/myrepo","msg":"resetMemCache()","time":"2019-01-22T08:54:16.160Z","v":0}
{"name":"renovate","hostname":"runner-403a8028-project-10046-concurrent-06zcq4","pid":93,"level":20,"repository":"mygroup/myrepo","msg":"checkOnboarding()","time":"2019-01-22T08:54:16.160Z","v":0}
{"name":"renovate","hostname":"runner-403a8028-project-10046-concurrent-06zcq4","pid":93,"level":20,"repository":"mygroup/myrepo","msg":"isOnboarded()","time":"2019-01-22T08:54:16.160Z","v":0}
{"name":"renovate","hostname":"runner-403a8028-project-10046-concurrent-06zcq4","pid":93,"level":20,"repository":"mygroup/myrepo","msg":"findFile(renovate.json)","time":"2019-01-22T08:54:16.161Z","v":0}
{"name":"renovate","hostname":"runner-403a8028-project-10046-concurrent-06zcq4","pid":93,"level":20,"repository":"mygroup/myrepo","msg":"findFile(.github/renovate.json)","time":"2019-01-22T08:54:16.161Z","v":0}
{"name":"renovate","hostname":"runner-403a8028-project-10046-concurrent-06zcq4","pid":93,"level":20,"repository":"mygroup/myrepo","msg":"findFile(.renovaterc)","time":"2019-01-22T08:54:16.161Z","v":0}
{"name":"renovate","hostname":"runner-403a8028-project-10046-concurrent-06zcq4","pid":93,"level":20,"repository":"mygroup/myrepo","msg":"findFile(.renovaterc.json)","time":"2019-01-22T08:54:16.161Z","v":0}
{"name":"renovate","hostname":"runner-403a8028-project-10046-concurrent-06zcq4","pid":93,"level":20,"repository":"mygroup/myrepo","msg":"config file not found","time":"2019-01-22T08:54:16.161Z","v":0}
{"name":"renovate","hostname":"runner-403a8028-project-10046-concurrent-06zcq4","pid":93,"level":20,"repository":"mygroup/myrepo","msg":"getFile(filePath=package.json, branchName=undefined)","time":"2019-01-22T08:54:16.161Z","v":0}
{"name":"renovate","hostname":"runner-403a8028-project-10046-concurrent-06zcq4","pid":93,"level":20,"repository":"mygroup/myrepo","path":"projects/mygroup%2Fmyrepo/repository/files/package.json?ref=master","msg":"GET","time":"2019-01-22T08:54:16.161Z","v":0}
{"name":"renovate","hostname":"runner-403a8028-project-10046-concurrent-06zcq4","pid":93,"level":20,"repository":"mygroup/myrepo","msg":"findPr(renovate/configure, Configure Renovate, !open)","time":"2019-01-22T08:54:16.297Z","v":0}
{"name":"renovate","hostname":"runner-403a8028-project-10046-concurrent-06zcq4","pid":93,"level":20,"repository":"mygroup/myrepo","msg":"Found no closed onboarding PR","time":"2019-01-22T08:54:16.297Z","v":0}
{"name":"renovate","hostname":"runner-403a8028-project-10046-concurrent-06zcq4","pid":93,"level":30,"repository":"mygroup/myrepo","msg":"Repo is not onboarded","time":"2019-01-22T08:54:16.297Z","v":0}
{"name":"renovate","hostname":"runner-403a8028-project-10046-concurrent-06zcq4","pid":93,"level":20,"repository":"mygroup/myrepo","msg":"getBranchPr(renovate/configure)","time":"2019-01-22T08:54:16.298Z","v":0}
{"name":"renovate","hostname":"runner-403a8028-project-10046-concurrent-06zcq4","pid":93,"level":20,"repository":"mygroup/myrepo","msg":"Checking if branch exists: renovate/configure","time":"2019-01-22T08:54:16.298Z","v":0}
{"name":"renovate","hostname":"runner-403a8028-project-10046-concurrent-06zcq4","pid":93,"level":20,"repository":"mygroup/myrepo","path":"projects/mygroup%2Fmyrepo/repository/branches/renovate%2Fconfigure","msg":"GET","time":"2019-01-22T08:54:16.298Z","v":0}
{"name":"renovate","hostname":"runner-403a8028-project-10046-concurrent-06zcq4","pid":93,"level":20,"repository":"mygroup/myrepo","msg":"Branch exists","time":"2019-01-22T08:54:16.426Z","v":0}
{"name":"renovate","hostname":"runner-403a8028-project-10046-concurrent-06zcq4","pid":93,"level":20,"repository":"mygroup/myrepo","path":"projects/mygroup%2Fmyrepo/merge_requests?state=opened&per_page=100","msg":"GET","time":"2019-01-22T08:54:16.426Z","v":0}
{"name":"renovate","hostname":"runner-403a8028-project-10046-concurrent-06zcq4","pid":93,"level":20,"repository":"mygroup/myrepo","msg":"Got res with 1 results","time":"2019-01-22T08:54:16.551Z","v":0}
{"name":"renovate","hostname":"runner-403a8028-project-10046-concurrent-06zcq4","pid":93,"level":20,"repository":"mygroup/myrepo","msg":"getPr(5)","time":"2019-01-22T08:54:16.552Z","v":0}
{"name":"renovate","hostname":"runner-403a8028-project-10046-concurrent-06zcq4","pid":93,"level":20,"repository":"mygroup/myrepo","path":"projects/mygroup%2Fmyrepo/merge_requests/5?include_diverged_commits_count=1","msg":"GET","time":"2019-01-22T08:54:16.552Z","v":0}
{"name":"renovate","hostname":"runner-403a8028-project-10046-concurrent-06zcq4","pid":93,"level":20,"repository":"mygroup/myrepo","msg":"getBranchStatus(renovate/configure)","time":"2019-01-22T08:54:16.729Z","v":0}
{"name":"renovate","hostname":"runner-403a8028-project-10046-concurrent-06zcq4","pid":93,"level":20,"repository":"mygroup/myrepo","path":"projects/mygroup%2Fmyrepo/repository/commits/2f14cda4e10d9ddb009bd30096dae2263297f087/statuses","msg":"GET","time":"2019-01-22T08:54:16.730Z","v":0}
{"name":"renovate","hostname":"runner-403a8028-project-10046-concurrent-06zcq4","pid":93,"level":20,"repository":"mygroup/myrepo","msg":"Got res with 0 results","time":"2019-01-22T08:54:16.852Z","v":0}
{"name":"renovate","hostname":"runner-403a8028-project-10046-concurrent-06zcq4","pid":93,"level":20,"repository":"mygroup/myrepo","msg":"Onboarding PR already exists","time":"2019-01-22T08:54:16.852Z","v":0}
{"name":"renovate","hostname":"runner-403a8028-project-10046-concurrent-06zcq4","pid":93,"level":20,"repository":"mygroup/myrepo","msg":"Checking if onboarding branch needs rebasing","time":"2019-01-22T08:54:16.853Z","v":0}
{"name":"renovate","hostname":"runner-403a8028-project-10046-concurrent-06zcq4","pid":93,"level":20,"repository":"mygroup/myrepo","msg":"getBranchPr(renovate/configure)","time":"2019-01-22T08:54:16.853Z","v":0}
{"name":"renovate","hostname":"runner-403a8028-project-10046-concurrent-06zcq4","pid":93,"level":20,"repository":"mygroup/myrepo","msg":"Checking if branch exists: renovate/configure","time":"2019-01-22T08:54:16.853Z","v":0}
{"name":"renovate","hostname":"runner-403a8028-project-10046-concurrent-06zcq4","pid":93,"level":20,"repository":"mygroup/myrepo","msg":"Branch exists","time":"2019-01-22T08:54:16.853Z","v":0}
{"name":"renovate","hostname":"runner-403a8028-project-10046-concurrent-06zcq4","pid":93,"level":20,"repository":"mygroup/myrepo","msg":"Got res with 1 results","time":"2019-01-22T08:54:16.853Z","v":0}
{"name":"renovate","hostname":"runner-403a8028-project-10046-concurrent-06zcq4","pid":93,"level":20,"repository":"mygroup/myrepo","msg":"getPr(5)","time":"2019-01-22T08:54:16.853Z","v":0}
{"name":"renovate","hostname":"runner-403a8028-project-10046-concurrent-06zcq4","pid":93,"level":20,"repository":"mygroup/myrepo","msg":"getBranchStatus(renovate/configure)","time":"2019-01-22T08:54:16.854Z","v":0}
{"name":"renovate","hostname":"runner-403a8028-project-10046-concurrent-06zcq4","pid":93,"level":20,"repository":"mygroup/myrepo","msg":"Got res with 0 results","time":"2019-01-22T08:54:16.854Z","v":0}
{"name":"renovate","hostname":"runner-403a8028-project-10046-concurrent-06zcq4","pid":93,"level":20,"repository":"mygroup/myrepo","msg":"getFile(filePath=renovate.json, branchName=renovate/configure)","time":"2019-01-22T08:54:16.854Z","v":0}
{"name":"renovate","hostname":"runner-403a8028-project-10046-concurrent-06zcq4","pid":93,"level":20,"repository":"mygroup/myrepo","path":"projects/mygroup%2Fmyrepo/repository/files/renovate.json?ref=renovate/configure","msg":"GET","time":"2019-01-22T08:54:16.854Z","v":0}
{"name":"renovate","hostname":"runner-403a8028-project-10046-concurrent-06zcq4","pid":93,"level":20,"repository":"mygroup/myrepo","msg":"Checking for greenkeeper config","time":"2019-01-22T08:54:16.979Z","v":0}
{"name":"renovate","hostname":"runner-403a8028-project-10046-concurrent-06zcq4","pid":93,"level":20,"repository":"mygroup/myrepo","msg":"getFile(filePath=package.json, branchName=undefined)","time":"2019-01-22T08:54:16.980Z","v":0}
{"name":"renovate","hostname":"runner-403a8028-project-10046-concurrent-06zcq4","pid":93,"level":20,"repository":"mygroup/myrepo","path":"projects/mygroup%2Fmyrepo/repository/files/package.json?ref=master","msg":"GET","time":"2019-01-22T08:54:16.980Z","v":0}
{"name":"renovate","hostname":"runner-403a8028-project-10046-concurrent-06zcq4","pid":93,"level":20,"repository":"mygroup/myrepo","msg":"No greenkeeper config migration","time":"2019-01-22T08:54:17.094Z","v":0}
{"name":"renovate","hostname":"runner-403a8028-project-10046-concurrent-06zcq4","pid":93,"level":20,"repository":"mygroup/myrepo","config":{},"msg":"onboarding config","time":"2019-01-22T08:54:17.095Z","v":0}
{"name":"renovate","hostname":"runner-403a8028-project-10046-concurrent-06zcq4","pid":93,"level":30,"repository":"mygroup/myrepo","msg":"Onboarding branch is up to date","time":"2019-01-22T08:54:17.095Z","v":0}
{"name":"renovate","hostname":"runner-403a8028-project-10046-concurrent-06zcq4","pid":93,"level":20,"repository":"mygroup/myrepo","msg":"Setting baseBranch to renovate/configure","time":"2019-01-22T08:54:17.095Z","v":0}
{"name":"renovate","hostname":"runner-403a8028-project-10046-concurrent-06zcq4","pid":93,"level":20,"repository":"mygroup/myrepo","msg":"Setting baseBranch to renovate/configure","time":"2019-01-22T08:54:17.095Z","v":0}
{"name":"renovate","hostname":"runner-403a8028-project-10046-concurrent-06zcq4","pid":93,"level":20,"repository":"mygroup/myrepo","path":"projects/mygroup%2Fmyrepo/repository/tree?ref=renovate/configure&per_page=100&recursive=true","msg":"GET","time":"2019-01-22T08:54:17.096Z","v":0}
{"name":"renovate","hostname":"runner-403a8028-project-10046-concurrent-06zcq4","pid":93,"level":20,"repository":"mygroup/myrepo","msg":"Retrieved fileList with length 9","time":"2019-01-22T08:54:17.209Z","v":0}
{"name":"renovate","hostname":"runner-403a8028-project-10046-concurrent-06zcq4","pid":93,"level":20,"repository":"mygroup/myrepo","msg":"Found renovate.json config file","time":"2019-01-22T08:54:17.210Z","v":0}
{"name":"renovate","hostname":"runner-403a8028-project-10046-concurrent-06zcq4","pid":93,"level":20,"repository":"mygroup/myrepo","msg":"getFile(filePath=renovate.json, branchName=undefined)","time":"2019-01-22T08:54:17.210Z","v":0}
{"name":"renovate","hostname":"runner-403a8028-project-10046-concurrent-06zcq4","pid":93,"level":30,"repository":"mygroup/myrepo","configFile":"renovate.json","config":{},"msg":"Repository config","time":"2019-01-22T08:54:17.214Z","v":0}
{"name":"renovate","hostname":"runner-403a8028-project-10046-concurrent-06zcq4","pid":93,"level":20,"repository":"mygroup/myrepo","msg":"migrateAndValidate()","time":"2019-01-22T08:54:17.215Z","v":0}
{"name":"renovate","hostname":"runner-403a8028-project-10046-concurrent-06zcq4","pid":93,"level":20,"repository":"mygroup/myrepo","msg":"No config migration necessary","time":"2019-01-22T08:54:17.215Z","v":0}
{"name":"renovate","hostname":"runner-403a8028-project-10046-concurrent-06zcq4","pid":93,"level":20,"repository":"mygroup/myrepo","config":{},"msg":"massaged config","time":"2019-01-22T08:54:17.215Z","v":0}
{"name":"renovate","hostname":"runner-403a8028-project-10046-concurrent-06zcq4","pid":93,"level":20,"repository":"mygroup/myrepo","config":{},"msg":"migrated config","time":"2019-01-22T08:54:17.217Z","v":0}
{"name":"renovate","hostname":"runner-403a8028-project-10046-concurrent-06zcq4","pid":93,"level":20,"repository":"mygroup/myrepo","msg":"checkBaseBranch()","time":"2019-01-22T08:54:17.218Z","v":0}
{"name":"renovate","hostname":"runner-403a8028-project-10046-concurrent-06zcq4","pid":93,"level":20,"repository":"mygroup/myrepo","msg":"config.repoIsOnboarded=false","time":"2019-01-22T08:54:17.218Z","v":0}
{"name":"renovate","hostname":"runner-403a8028-project-10046-concurrent-06zcq4","pid":93,"level":20,"repository":"mygroup/myrepo","msg":"detectSemanticCommits()","time":"2019-01-22T08:54:17.218Z","v":0}
{"name":"renovate","hostname":"runner-403a8028-project-10046-concurrent-06zcq4","pid":93,"level":20,"repository":"mygroup/myrepo","msg":"getCommitMessages","time":"2019-01-22T08:54:17.218Z","v":0}
{"name":"renovate","hostname":"runner-403a8028-project-10046-concurrent-06zcq4","pid":93,"level":20,"repository":"mygroup/myrepo","path":"projects/mygroup%2Fmyrepo/repository/commits","msg":"GET","time":"2019-01-22T08:54:17.218Z","v":0}
{"name":"renovate","hostname":"runner-403a8028-project-10046-concurrent-06zcq4","pid":93,"level":20,"repository":"mygroup/myrepo","msg":"Semantic commits detection: unknown","time":"2019-01-22T08:54:17.338Z","v":0}
{"name":"renovate","hostname":"runner-403a8028-project-10046-concurrent-06zcq4","pid":93,"level":20,"repository":"mygroup/myrepo","msg":"No semantic commits detected","time":"2019-01-22T08:54:17.338Z","v":0}
{"name":"renovate","hostname":"runner-403a8028-project-10046-concurrent-06zcq4","pid":93,"level":20,"repository":"mygroup/myrepo","msg":"No vulnerability alerts found","time":"2019-01-22T08:54:17.339Z","v":0}
{"name":"renovate","hostname":"runner-403a8028-project-10046-concurrent-06zcq4","pid":93,"level":20,"repository":"mygroup/myrepo","msg":"processRepo()","time":"2019-01-22T08:54:17.339Z","v":0}
{"name":"renovate","hostname":"runner-403a8028-project-10046-concurrent-06zcq4","pid":93,"level":20,"repository":"mygroup/myrepo","msg":"No baseBranches","time":"2019-01-22T08:54:17.339Z","v":0}
{"name":"renovate","hostname":"runner-403a8028-project-10046-concurrent-06zcq4","pid":93,"level":20,"repository":"mygroup/myrepo","msg":"extractAndUpdate()","time":"2019-01-22T08:54:17.339Z","v":0}
{"name":"renovate","hostname":"runner-403a8028-project-10046-concurrent-06zcq4","pid":93,"level":20,"repository":"mygroup/myrepo","msg":"Using file match: (^|/)tasks/[^/]+\\.ya?ml$ for manager ansible","time":"2019-01-22T08:54:17.345Z","v":0}
{"name":"renovate","hostname":"runner-403a8028-project-10046-concurrent-06zcq4","pid":93,"level":20,"repository":"mygroup/myrepo","msg":"Using file match: (^|/)WORKSPACE$ for manager bazel","time":"2019-01-22T08:54:17.347Z","v":0}{"name":"renovate","hostname":"runner-403a8028-project-10046-concurrent-06zcq4","pid":93,"level":20,"repository":"mygroup/myrepo","msg":"Using file match: buildkite\\.ya?ml for manager buildkite","time":"2019-01-22T08:54:17.348Z","v":0}
{"name":"renovate","hostname":"runner-403a8028-project-10046-concurrent-06zcq4","pid":93,"level":20,"repository":"mygroup/myrepo","msg":"Using file match: \\.buildkite/.+\\.ya?ml$ for manager buildkite","time":"2019-01-22T08:54:17.348Z","v":0}
{"name":"renovate","hostname":"runner-403a8028-project-10046-concurrent-06zcq4","pid":93,"level":20,"repository":"mygroup/myrepo","msg":"bundler is disabled","time":"2019-01-22T08:54:17.349Z","v":0}
{"name":"renovate","hostname":"runner-403a8028-project-10046-concurrent-06zcq4","pid":93,"level":20,"repository":"mygroup/myrepo","msg":"cargo is disabled","time":"2019-01-22T08:54:17.350Z","v":0}
{"name":"renovate","hostname":"runner-403a8028-project-10046-concurrent-06zcq4","pid":93,"level":20,"repository":"mygroup/myrepo","msg":"Using file match: (^|/).circleci/config.yml$ for manager circleci","time":"2019-01-22T08:54:17.352Z","v":0}
{"name":"renovate","hostname":"runner-403a8028-project-10046-concurrent-06zcq4","pid":93,"level":20,"repository":"mygroup/myrepo","msg":"Using file match: (^|/)([\\w-]*)composer.json$ for manager composer","time":"2019-01-22T08:54:17.353Z","v":0}
{"name":"renovate","hostname":"runner-403a8028-project-10046-concurrent-06zcq4","pid":93,"level":20,"repository":"mygroup/myrepo","msg":"Using file match: (^|/)docker-compose[^/]*\\.ya?ml$ for manager docker-compose","time":"2019-01-22T08:54:17.355Z","v":0}
{"name":"renovate","hostname":"runner-403a8028-project-10046-concurrent-06zcq4","pid":93,"level":20,"repository":"mygroup/myrepo","msg":"Using file match: (^|/)Dockerfile$ for manager dockerfile","time":"2019-01-22T08:54:17.356Z","v":0}
{"name":"renovate","hostname":"runner-403a8028-project-10046-concurrent-06zcq4","pid":93,"level":20,"repository":"mygroup/myrepo","msg":"Matched 8 file(s) for manager dockerfile: node-a/Dockerfile, node-b/Dockerfile, node-c/Dockerfile, node-d/Dockerfile, solr-a/Dockerfile, solr-b/Dockerfile, solr-c/Dockerfile, solr-d/Dockerfile","time":"2019-01-22T08:54:17.357Z","v":0}
{"name":"renovate","hostname":"runner-403a8028-project-10046-concurrent-06zcq4","pid":93,"level":20,"repository":"mygroup/myrepo","msg":"getFile(filePath=node-a/Dockerfile, branchName=undefined)","time":"2019-01-22T08:54:17.357Z","v":0}
{"name":"renovate","hostname":"runner-403a8028-project-10046-concurrent-06zcq4","pid":93,"level":20,"repository":"mygroup/myrepo","path":"projects/mygroup%2Fmyrepo/repository/files/node-a%2FDockerfile?ref=renovate/configure","msg":"GET","time":"2019-01-22T08:54:17.357Z","v":0}
{"name":"renovate","hostname":"runner-403a8028-project-10046-concurrent-06zcq4","pid":93,"level":20,"repository":"mygroup/myrepo","lineNumber":0,"fromLine":"FROM my-self-hosted-artifactory-url.com/library/node","msg":"FROM line","time":"2019-01-22T08:54:17.474Z","v":0}
{"name":"renovate","hostname":"runner-403a8028-project-10046-concurrent-06zcq4","pid":93,"level":20,"repository":"mygroup/myrepo","depName":"library/node","msg":"Dockerfile FROM","time":"2019-01-22T08:54:17.474Z","v":0}
{"name":"renovate","hostname":"runner-403a8028-project-10046-concurrent-06zcq4","pid":93,"level":20,"repository":"mygroup/myrepo","msg":"getFile(filePath=node-b/Dockerfile, branchName=undefined)","time":"2019-01-22T08:54:17.475Z","v":0}
{"name":"renovate","hostname":"runner-403a8028-project-10046-concurrent-06zcq4","pid":93,"level":20,"repository":"mygroup/myrepo","path":"projects/mygroup%2Fmyrepo/repository/files/node-b%2FDockerfile?ref=renovate/configure","msg":"GET","time":"2019-01-22T08:54:17.475Z","v":0}
{"name":"renovate","hostname":"runner-403a8028-project-10046-concurrent-06zcq4","pid":93,"level":20,"repository":"mygroup/myrepo","lineNumber":0,"fromLine":"FROM my-self-hosted-artifactory-url.com/library/node:latest","msg":"FROM line","time":"2019-01-22T08:54:17.593Z","v":0}
{"name":"renovate","hostname":"runner-403a8028-project-10046-concurrent-06zcq4","pid":93,"level":20,"repository":"mygroup/myrepo","depName":"library/node","currentValue":"latest","msg":"Dockerfile FROM","time":"2019-01-22T08:54:17.594Z","v":0}
{"name":"renovate","hostname":"runner-403a8028-project-10046-concurrent-06zcq4","pid":93,"level":20,"repository":"mygroup/myrepo","msg":"getFile(filePath=node-c/Dockerfile, branchName=undefined)","time":"2019-01-22T08:54:17.594Z","v":0}
{"name":"renovate","hostname":"runner-403a8028-project-10046-concurrent-06zcq4","pid":93,"level":20,"repository":"mygroup/myrepo","path":"projects/mygroup%2Fmyrepo/repository/files/node-c%2FDockerfile?ref=renovate/configure","msg":"GET","time":"2019-01-22T08:54:17.594Z","v":0}
{"name":"renovate","hostname":"runner-403a8028-project-10046-concurrent-06zcq4","pid":93,"level":20,"repository":"mygroup/myrepo","lineNumber":0,"fromLine":"FROM my-self-hosted-artifactory-url.com/library/node:8.9.4 ","msg":"FROM line","time":"2019-01-22T08:54:17.723Z","v":0}
{"name":"renovate","hostname":"runner-403a8028-project-10046-concurrent-06zcq4","pid":93,"level":20,"repository":"mygroup/myrepo","depName":"library/node","currentValue":"8.9.4","msg":"Dockerfile FROM","time":"2019-01-22T08:54:17.723Z","v":0}
{"name":"renovate","hostname":"runner-403a8028-project-10046-concurrent-06zcq4","pid":93,"level":20,"repository":"mygroup/myrepo","msg":"getFile(filePath=node-d/Dockerfile, branchName=undefined)","time":"2019-01-22T08:54:17.723Z","v":0}
{"name":"renovate","hostname":"runner-403a8028-project-10046-concurrent-06zcq4","pid":93,"level":20,"repository":"mygroup/myrepo","path":"projects/mygroup%2Fmyrepo/repository/files/node-d%2FDockerfile?ref=renovate/configure","msg":"GET","time":"2019-01-22T08:54:17.723Z","v":0}
{"name":"renovate","hostname":"runner-403a8028-project-10046-concurrent-06zcq4","pid":93,"level":20,"repository":"mygroup/myrepo","lineNumber":0,"fromLine":"FROM my-self-hosted-artifactory-url.com/library/node:8.9.4-alpine ","msg":"FROM line","time":"2019-01-22T08:54:17.849Z","v":0}
{"name":"renovate","hostname":"runner-403a8028-project-10046-concurrent-06zcq4","pid":93,"level":20,"repository":"mygroup/myrepo","depName":"library/node","currentValue":"8.9.4-alpine","msg":"Dockerfile FROM","time":"2019-01-22T08:54:17.849Z","v":0}
{"name":"renovate","hostname":"runner-403a8028-project-10046-concurrent-06zcq4","pid":93,"level":20,"repository":"mygroup/myrepo","msg":"getFile(filePath=solr-a/Dockerfile, branchName=undefined)","time":"2019-01-22T08:54:17.849Z","v":0}
{"name":"renovate","hostname":"runner-403a8028-project-10046-concurrent-06zcq4","pid":93,"level":20,"repository":"mygroup/myrepo","path":"projects/mygroup%2Fmyrepo/repository/files/solr-a%2FDockerfile?ref=renovate/configure","msg":"GET","time":"2019-01-22T08:54:17.849Z","v":0}
{"name":"renovate","hostname":"runner-403a8028-project-10046-concurrent-06zcq4","pid":93,"level":20,"repository":"mygroup/myrepo","lineNumber":0,"fromLine":"FROM my-self-hosted-artifactory-url.com/library/solr","msg":"FROM line","time":"2019-01-22T08:54:17.979Z","v":0}
{"name":"renovate","hostname":"runner-403a8028-project-10046-concurrent-06zcq4","pid":93,"level":20,"repository":"mygroup/myrepo","depName":"library/solr","msg":"Dockerfile FROM","time":"2019-01-22T08:54:17.979Z","v":0}
{"name":"renovate","hostname":"runner-403a8028-project-10046-concurrent-06zcq4","pid":93,"level":20,"repository":"mygroup/myrepo","msg":"getFile(filePath=solr-b/Dockerfile, branchName=undefined)","time":"2019-01-22T08:54:17.979Z","v":0}
{"name":"renovate","hostname":"runner-403a8028-project-10046-concurrent-06zcq4","pid":93,"level":20,"repository":"mygroup/myrepo","path":"projects/mygroup%2Fmyrepo/repository/files/solr-b%2FDockerfile?ref=renovate/configure","msg":"GET","time":"2019-01-22T08:54:17.979Z","v":0}
{"name":"renovate","hostname":"runner-403a8028-project-10046-concurrent-06zcq4","pid":93,"level":20,"repository":"mygroup/myrepo","lineNumber":0,"fromLine":"FROM my-self-hosted-artifactory-url.com/library/solr:latest","msg":"FROM line","time":"2019-01-22T08:54:18.130Z","v":0}
{"name":"renovate","hostname":"runner-403a8028-project-10046-concurrent-06zcq4","pid":93,"level":20,"repository":"mygroup/myrepo","depName":"library/solr","currentValue":"latest","msg":"Dockerfile FROM","time":"2019-01-22T08:54:18.130Z","v":0}
{"name":"renovate","hostname":"runner-403a8028-project-10046-concurrent-06zcq4","pid":93,"level":20,"repository":"mygroup/myrepo","msg":"getFile(filePath=solr-c/Dockerfile, branchName=undefined)","time":"2019-01-22T08:54:18.130Z","v":0}
{"name":"renovate","hostname":"runner-403a8028-project-10046-concurrent-06zcq4","pid":93,"level":20,"repository":"mygroup/myrepo","path":"projects/mygroup%2Fmyrepo/repository/files/solr-c%2FDockerfile?ref=renovate/configure","msg":"GET","time":"2019-01-22T08:54:18.130Z","v":0}
{"name":"renovate","hostname":"runner-403a8028-project-10046-concurrent-06zcq4","pid":93,"level":20,"repository":"mygroup/myrepo","lineNumber":0,"fromLine":"FROM my-self-hosted-artifactory-url.com/library/solr:7.4","msg":"FROM line","time":"2019-01-22T08:54:18.247Z","v":0}
{"name":"renovate","hostname":"runner-403a8028-project-10046-concurrent-06zcq4","pid":93,"level":20,"repository":"mygroup/myrepo","depName":"library/solr","currentValue":"7.4","msg":"Dockerfile FROM","time":"2019-01-22T08:54:18.247Z","v":0}
{"name":"renovate","hostname":"runner-403a8028-project-10046-concurrent-06zcq4","pid":93,"level":20,"repository":"mygroup/myrepo","msg":"getFile(filePath=solr-d/Dockerfile, branchName=undefined)","time":"2019-01-22T08:54:18.247Z","v":0}
{"name":"renovate","hostname":"runner-403a8028-project-10046-concurrent-06zcq4","pid":93,"level":20,"repository":"mygroup/myrepo","path":"projects/mygroup%2Fmyrepo/repository/files/solr-d%2FDockerfile?ref=renovate/configure","msg":"GET","time":"2019-01-22T08:54:18.247Z","v":0}
{"name":"renovate","hostname":"runner-403a8028-project-10046-concurrent-06zcq4","pid":93,"level":20,"repository":"mygroup/myrepo","lineNumber":0,"fromLine":"FROM my-self-hosted-artifactory-url.com/library/solr:7.4-alpine","msg":"FROM line","time":"2019-01-22T08:54:18.370Z","v":0}
{"name":"renovate","hostname":"runner-403a8028-project-10046-concurrent-06zcq4","pid":93,"level":20,"repository":"mygroup/myrepo","depName":"library/solr","currentValue":"7.4-alpine","msg":"Dockerfile FROM","time":"2019-01-22T08:54:18.370Z","v":0}
{"name":"renovate","hostname":"runner-403a8028-project-10046-concurrent-06zcq4","pid":93,"level":30,"repository":"mygroup/myrepo","msg":"Found dockerfile package files","time":"2019-01-22T08:54:18.370Z","v":0}
{"name":"renovate","hostname":"runner-403a8028-project-10046-concurrent-06zcq4","pid":93,"level":20,"repository":"mygroup/myrepo","msg":"Using file match: ^\\.gitlab-ci\\.yml$ for manager gitlabci","time":"2019-01-22T08:54:18.373Z","v":0}
{"name":"renovate","hostname":"runner-403a8028-project-10046-concurrent-06zcq4","pid":93,"level":20,"repository":"mygroup/myrepo","msg":"Using file match: (^|/)go.mod$ for manager gomod","time":"2019-01-22T08:54:18.376Z","v":0}
{"name":"renovate","hostname":"runner-403a8028-project-10046-concurrent-06zcq4","pid":93,"level":20,"repository":"mygroup/myrepo","msg":"gradle is disabled","time":"2019-01-22T08:54:18.377Z","v":0}
{"name":"renovate","hostname":"runner-403a8028-project-10046-concurrent-06zcq4","pid":93,"level":20,"repository":"mygroup/myrepo","msg":"Using file match: (^|/)gradle/wrapper/gradle-wrapper.properties$ for manager gradle-wrapper","time":"2019-01-22T08:54:18.378Z","v":0}
{"name":"renovate","hostname":"runner-403a8028-project-10046-concurrent-06zcq4","pid":93,"level":20,"repository":"mygroup/myrepo","msg":"Using file match: (^|/)package.js$ for manager meteor","time":"2019-01-22T08:54:18.381Z","v":0}
{"name":"renovate","hostname":"runner-403a8028-project-10046-concurrent-06zcq4","pid":93,"level":20,"repository":"mygroup/myrepo","msg":"Using file match: (^|/)package.json$ for manager npm","time":"2019-01-22T08:54:18.382Z","v":0}
{"name":"renovate","hostname":"runner-403a8028-project-10046-concurrent-06zcq4","pid":93,"level":20,"repository":"mygroup/myrepo","msg":"Detecting Lerna and Yarn Workspaces","time":"2019-01-22T08:54:18.383Z","v":0}
{"name":"renovate","hostname":"runner-403a8028-project-10046-concurrent-06zcq4","pid":93,"level":20,"repository":"mygroup/myrepo","msg":"Finding locked versions","time":"2019-01-22T08:54:18.383Z","v":0}
{"name":"renovate","hostname":"runner-403a8028-project-10046-concurrent-06zcq4","pid":93,"level":20,"repository":"mygroup/myrepo","msg":"Using file match: \\.csproj$ for manager nuget","time":"2019-01-22T08:54:18.384Z","v":0}
{"name":"renovate","hostname":"runner-403a8028-project-10046-concurrent-06zcq4","pid":93,"level":20,"repository":"mygroup/myrepo","msg":"Using file match: ^.nvmrc$ for manager nvm","time":"2019-01-22T08:54:18.385Z","v":0}
{"name":"renovate","hostname":"runner-403a8028-project-10046-concurrent-06zcq4","pid":93,"level":20,"repository":"mygroup/myrepo","msg":"Using file match: (^|/)([\\w-]*)requirements.(txt|pip)$ for manager pip_requirements","time":"2019-01-22T08:54:18.387Z","v":0}
{"name":"renovate","hostname":"runner-403a8028-project-10046-concurrent-06zcq4","pid":93,"level":20,"repository":"mygroup/myrepo","msg":"pip_setup is disabled","time":"2019-01-22T08:54:18.387Z","v":0}
{"name":"renovate","hostname":"runner-403a8028-project-10046-concurrent-06zcq4","pid":93,"level":20,"repository":"mygroup/myrepo","msg":"pipenv is disabled","time":"2019-01-22T08:54:18.388Z","v":0}
{"name":"renovate","hostname":"runner-403a8028-project-10046-concurrent-06zcq4","pid":93,"level":20,"repository":"mygroup/myrepo","msg":"Using file match: \\.tf$ for manager terraform","time":"2019-01-22T08:54:18.389Z","v":0}
{"name":"renovate","hostname":"runner-403a8028-project-10046-concurrent-06zcq4","pid":93,"level":20,"repository":"mygroup/myrepo","msg":"travis is disabled","time":"2019-01-22T08:54:18.390Z","v":0}
{"name":"renovate","hostname":"runner-403a8028-project-10046-concurrent-06zcq4","pid":93,"level":20,"repository":"mygroup/myrepo","msg":"Found 8 package file(s)","time":"2019-01-22T08:54:18.390Z","v":0}
{"name":"renovate","hostname":"runner-403a8028-project-10046-concurrent-06zcq4","pid":93,"level":20,"repository":"mygroup/myrepo","msg":"manager.fetchUpdates()","time":"2019-01-22T08:54:18.390Z","v":0}
{"name":"renovate","hostname":"runner-403a8028-project-10046-concurrent-06zcq4","pid":93,"level":20,"repository":"mygroup/myrepo","msg":"getDigest(my-self-hosted-artifactory-url.com, library/node, undefined)","time":"2019-01-22T08:54:18.397Z","v":0}
{"name":"renovate","hostname":"runner-403a8028-project-10046-concurrent-06zcq4","pid":93,"level":20,"repository":"mygroup/myrepo","msg":"Dependency library/node has unsupported value latest","time":"2019-01-22T08:54:18.402Z","v":0}
{"name":"renovate","hostname":"runner-403a8028-project-10046-concurrent-06zcq4","pid":93,"level":20,"repository":"mygroup/myrepo","msg":"getDigest(my-self-hosted-artifactory-url.com, library/node, latest)","time":"2019-01-22T08:54:18.402Z","v":0}
{"name":"renovate","hostname":"runner-403a8028-project-10046-concurrent-06zcq4","pid":93,"level":20,"repository":"mygroup/myrepo","msg":"getDigest(my-self-hosted-artifactory-url.com, library/solr, undefined)","time":"2019-01-22T08:54:18.405Z","v":0}
{"name":"renovate","hostname":"runner-403a8028-project-10046-concurrent-06zcq4","pid":93,"level":20,"repository":"mygroup/myrepo","msg":"getManifestResponse(https://my-self-hosted-artifactory-url.com, library/node, latest)","time":"2019-01-22T08:54:18.411Z","v":0}
{"name":"renovate","hostname":"runner-403a8028-project-10046-concurrent-06zcq4","pid":93,"level":20,"repository":"mygroup/myrepo","msg":"getManifestResponse(https://my-self-hosted-artifactory-url.com, library/node, latest)","time":"2019-01-22T08:54:18.413Z","v":0}
{"name":"renovate","hostname":"runner-403a8028-project-10046-concurrent-06zcq4","pid":93,"level":20,"repository":"mygroup/myrepo","msg":"getManifestResponse(https://my-self-hosted-artifactory-url.com, library/solr, latest)","time":"2019-01-22T08:54:18.414Z","v":0}
{"name":"renovate","hostname":"runner-403a8028-project-10046-concurrent-06zcq4","pid":93,"level":20,"repository":"mygroup/myrepo","msg":"Obtaining docker registry token for library/node using url https://my-self-hosted-artifactory-url.com:443/artifactory/api/docker/my-self-hosted-artifactory-url/v2/token?service=my-self-hosted-artifactory-url.com:443&scope=repository:library/node:pull","time":"2019-01-22T08:54:18.448Z","v":0}
{"name":"renovate","hostname":"runner-403a8028-project-10046-concurrent-06zcq4","pid":93,"level":20,"repository":"mygroup/myrepo","msg":"Obtaining docker registry token for library/node using url https://my-self-hosted-artifactory-url.com:443/artifactory/api/docker/my-self-hosted-artifactory-url/v2/token?service=my-self-hosted-artifactory-url.com:443&scope=repository:library/node:pull","time":"2019-01-22T08:54:18.451Z","v":0}
{"name":"renovate","hostname":"runner-403a8028-project-10046-concurrent-06zcq4","pid":93,"level":20,"repository":"mygroup/myrepo","msg":"Obtaining docker registry token for library/solr using url https://my-self-hosted-artifactory-url.com:443/artifactory/api/docker/my-self-hosted-artifactory-url/v2/token?service=my-self-hosted-artifactory-url.com:443&scope=repository:library/solr:pull","time":"2019-01-22T08:54:18.463Z","v":0}
{"name":"renovate","hostname":"runner-403a8028-project-10046-concurrent-06zcq4","pid":93,"level":20,"repository":"mygroup/myrepo","msg":"Obtaining docker registry token for library/node using url https://my-self-hosted-artifactory-url.com:443/artifactory/api/docker/my-self-hosted-artifactory-url/v2/token?service=my-self-hosted-artifactory-url.com:443&scope=repository:library/node:pull","time":"2019-01-22T08:54:18.465Z","v":0}
{"name":"renovate","hostname":"runner-403a8028-project-10046-concurrent-06zcq4","pid":93,"level":20,"repository":"mygroup/myrepo","err":{"name":"HTTPError","host":"my-self-hosted-artifactory-url.com","hostname":"my-self-hosted-artifactory-url.com","method":"GET","path":"/v2/library/node/tags/list?n=10000","protocol":"https:","url":"https://my-self-hosted-artifactory-url.com/v2/library/node/tags/list?n=10000","gotOptions":{"path":"/v2/library/node/tags/list?n=10000","protocol":"https:","slashes":true,"auth":null,"host":"my-self-hosted-artifactory-url.com","port":null,"hostname":"my-self-hosted-artifactory-url.com","hash":null,"search":"?n=10000","pathname":"/v2/library/node/tags/list","href":"https://my-self-hosted-artifactory-url.com/v2/library/node/tags/list?n=10000","retry":{"methods":{},"statusCodes":{},"errorCodes":{},"maxRetryAfter":10000},"headers":{"user-agent":"got/9.5.1 (https://github.com/sindresorhus/got)","authorization":"Bearer AKCp2VpZDvgzzRrnxdqQ3nfeLAwXPsv1HcP19Jret7nhY5J4KYZLpd2S4DTabJKX2DaULEY9o","accept":"application/vnd.docker.distribution.manifest.v2+json","accept-encoding":"gzip, deflate"},"hooks":{"beforeRequest":[],"beforeRedirect":[],"beforeRetry":[],"afterResponse":[]},"decompress":true,"throwHttpErrors":true,"followRedirect":true,"stream":false,"form":false,"json":true,"cache":false,"useElectronNet":false,"gotTimeout":{"request":10000},"method":"GET"},"statusCode":406,"statusMessage":"Not Acceptable","headers":{"date":"Tue, 22 Jan 2019 08:54:18 GMT","content-type":"application/json","transfer-encoding":"chunked","connection":"close","server":"Artifactory/6.0.3","x-artifactory-id":"6a4f4da66826cf7f6357ac0731b89afb6693be05","x-artifactory-node-id":"ip-10-104-194-205","x-frame-options":"DENY","x-content-type-options":"nosniff","x-xss-protection":"1; mode=block"},"body":{"errors":[{"status":406,"message":"Not Acceptable"}]},"message":"Response code 406 (Not Acceptable)","stack":"HTTPError: Response code 406 (Not Acceptable)\n    at EventEmitter.emitter.on (/usr/src/app/node_modules/got/source/as-promise.js:74:19)\n    at <anonymous>\n    at process._tickCallback (internal/process/next_tick.js:189:7)"},"msg":"docker.getTags() error","time":"2019-01-22T08:54:18.578Z","v":0}
{"name":"renovate","hostname":"runner-403a8028-project-10046-concurrent-06zcq4","pid":93,"level":40,"repository":"mygroup/myrepo","registry":"https://my-self-hosted-artifactory-url.com","dockerRepository":"library/node","err":{"name":"HTTPError","host":"my-self-hosted-artifactory-url.com","hostname":"my-self-hosted-artifactory-url.com","method":"GET","path":"/v2/library/node/tags/list?n=10000","protocol":"https:","url":"https://my-self-hosted-artifactory-url.com/v2/library/node/tags/list?n=10000","gotOptions":{"path":"/v2/library/node/tags/list?n=10000","protocol":"https:","slashes":true,"auth":null,"host":"my-self-hosted-artifactory-url.com","port":null,"hostname":"my-self-hosted-artifactory-url.com","hash":null,"search":"?n=10000","pathname":"/v2/library/node/tags/list","href":"https://my-self-hosted-artifactory-url.com/v2/library/node/tags/list?n=10000","retry":{"methods":{},"statusCodes":{},"errorCodes":{},"maxRetryAfter":10000},"headers":{"user-agent":"got/9.5.1 (https://github.com/sindresorhus/got)","authorization":"Bearer AKCp2VpZDvgzzRrnxdqQ3nfeLAwXPsv1HcP19Jret7nhY5J4KYZLpd2S4DTabJKX2DaULEY9o","accept":"application/vnd.docker.distribution.manifest.v2+json","accept-encoding":"gzip, deflate"},"hooks":{"beforeRequest":[],"beforeRedirect":[],"beforeRetry":[],"afterResponse":[]},"decompress":true,"throwHttpErrors":true,"followRedirect":true,"stream":false,"form":false,"json":true,"cache":false,"useElectronNet":false,"gotTimeout":{"request":10000},"method":"GET"},"statusCode":406,"statusMessage":"Not Acceptable","headers":{"date":"Tue, 22 Jan 2019 08:54:18 GMT","content-type":"application/json","transfer-encoding":"chunked","connection":"close","server":"Artifactory/6.0.3","x-artifactory-id":"6a4f4da66826cf7f6357ac0731b89afb6693be05","x-artifactory-node-id":"ip-10-104-194-205","x-frame-options":"DENY","x-content-type-options":"nosniff","x-xss-protection":"1; mode=block"},"body":{"errors":[{"status":406,"message":"Not Acceptable"}]},"message":"Response code 406 (Not Acceptable)","stack":"HTTPError: Response code 406 (Not Acceptable)\n    at EventEmitter.emitter.on (/usr/src/app/node_modules/got/source/as-promise.js:74:19)\n    at <anonymous>\n    at process._tickCallback (internal/process/next_tick.js:189:7)"},"msg":"Error getting docker image tags","time":"2019-01-22T08:54:18.578Z","v":0}
{"name":"renovate","hostname":"runner-403a8028-project-10046-concurrent-06zcq4","pid":93,"level":30,"repository":"mygroup/myrepo","dependency":"library/node","packageFile":"node-c/Dockerfile","msg":"Failed to look up dependency library/node","time":"2019-01-22T08:54:18.579Z","v":0}
{"name":"renovate","hostname":"runner-403a8028-project-10046-concurrent-06zcq4","pid":93,"level":30,"repository":"mygroup/myrepo","dependency":"library/node","packageFile":"node-d/Dockerfile","msg":"Failed to look up dependency library/node","time":"2019-01-22T08:54:18.579Z","v":0}
{"name":"renovate","hostname":"runner-403a8028-project-10046-concurrent-06zcq4","pid":93,"level":20,"repository":"mygroup/myrepo","msg":"Dependency library/solr has unsupported value latest","time":"2019-01-22T08:54:18.581Z","v":0}
{"name":"renovate","hostname":"runner-403a8028-project-10046-concurrent-06zcq4","pid":93,"level":20,"repository":"mygroup/myrepo","msg":"getDigest(my-self-hosted-artifactory-url.com, library/solr, latest)","time":"2019-01-22T08:54:18.581Z","v":0}
{"name":"renovate","hostname":"runner-403a8028-project-10046-concurrent-06zcq4","pid":93,"level":20,"repository":"mygroup/myrepo","msg":"getManifestResponse(https://my-self-hosted-artifactory-url.com, library/solr, latest)","time":"2019-01-22T08:54:18.583Z","v":0}
{"name":"renovate","hostname":"runner-403a8028-project-10046-concurrent-06zcq4","pid":93,"level":20,"repository":"mygroup/myrepo","msg":"Obtaining docker registry token for library/solr using url https://my-self-hosted-artifactory-url.com:443/artifactory/api/docker/my-self-hosted-artifactory-url/v2/token?service=my-self-hosted-artifactory-url.com:443&scope=repository:library/solr:pull","time":"2019-01-22T08:54:18.607Z","v":0}
{"name":"renovate","hostname":"runner-403a8028-project-10046-concurrent-06zcq4","pid":93,"level":20,"repository":"mygroup/myrepo","msg":"Obtaining docker registry token for library/solr using url https://my-self-hosted-artifactory-url.com:443/artifactory/api/docker/my-self-hosted-artifactory-url/v2/token?service=my-self-hosted-artifactory-url.com:443&scope=repository:library/solr:pull","time":"2019-01-22T08:54:18.613Z","v":0}
{"name":"renovate","hostname":"runner-403a8028-project-10046-concurrent-06zcq4","pid":93,"level":20,"repository":"mygroup/myrepo","err":{"name":"HTTPError","host":"my-self-hosted-artifactory-url.com","hostname":"my-self-hosted-artifactory-url.com","method":"GET","path":"/v2/library/solr/tags/list?n=10000","protocol":"https:","url":"https://my-self-hosted-artifactory-url.com/v2/library/solr/tags/list?n=10000","gotOptions":{"path":"/v2/library/solr/tags/list?n=10000","protocol":"https:","slashes":true,"auth":null,"host":"my-self-hosted-artifactory-url.com","port":null,"hostname":"my-self-hosted-artifactory-url.com","hash":null,"search":"?n=10000","pathname":"/v2/library/solr/tags/list","href":"https://my-self-hosted-artifactory-url.com/v2/library/solr/tags/list?n=10000","retry":{"methods":{},"statusCodes":{},"errorCodes":{},"maxRetryAfter":10000},"headers":{"user-agent":"got/9.5.1 (https://github.com/sindresorhus/got)","authorization":"Bearer AKCp2VpZDvgzzRrnxdqQ3nfeLAwXPsv1HcP19Jret7nhY5J4KYZLpd2S4DTabJKX2DaULEY9o","accept":"application/vnd.docker.distribution.manifest.v2+json","accept-encoding":"gzip, deflate"},"hooks":{"beforeRequest":[],"beforeRedirect":[],"beforeRetry":[],"afterResponse":[]},"decompress":true,"throwHttpErrors":true,"followRedirect":true,"stream":false,"form":false,"json":true,"cache":false,"useElectronNet":false,"gotTimeout":{"request":10000},"method":"GET"},"statusCode":406,"statusMessage":"Not Acceptable","headers":{"date":"Tue, 22 Jan 2019 08:54:18 GMT","content-type":"application/json","transfer-encoding":"chunked","connection":"close","server":"Artifactory/6.0.3","x-artifactory-id":"6a4f4da66826cf7f6357ac0731b89afb6693be05","x-artifactory-node-id":"ip-10-104-194-205","x-frame-options":"DENY","x-content-type-options":"nosniff","x-xss-protection":"1; mode=block"},"body":{"errors":[{"status":406,"message":"Not Acceptable"}]},"message":"Response code 406 (Not Acceptable)","stack":"HTTPError: Response code 406 (Not Acceptable)\n    at EventEmitter.emitter.on (/usr/src/app/node_modules/got/source/as-promise.js:74:19)\n    at <anonymous>\n    at process._tickCallback (internal/process/next_tick.js:189:7)"},"msg":"docker.getTags() error","time":"2019-01-22T08:54:18.689Z","v":0}
{"name":"renovate","hostname":"runner-403a8028-project-10046-concurrent-06zcq4","pid":93,"level":40,"repository":"mygroup/myrepo","registry":"https://my-self-hosted-artifactory-url.com","dockerRepository":"library/solr","err":{"name":"HTTPError","host":"my-self-hosted-artifactory-url.com","hostname":"my-self-hosted-artifactory-url.com","method":"GET","path":"/v2/library/solr/tags/list?n=10000","protocol":"https:","url":"https://my-self-hosted-artifactory-url.com/v2/library/solr/tags/list?n=10000","gotOptions":{"path":"/v2/library/solr/tags/list?n=10000","protocol":"https:","slashes":true,"auth":null,"host":"my-self-hosted-artifactory-url.com","port":null,"hostname":"my-self-hosted-artifactory-url.com","hash":null,"search":"?n=10000","pathname":"/v2/library/solr/tags/list","href":"https://my-self-hosted-artifactory-url.com/v2/library/solr/tags/list?n=10000","retry":{"methods":{},"statusCodes":{},"errorCodes":{},"maxRetryAfter":10000},"headers":{"user-agent":"got/9.5.1 (https://github.com/sindresorhus/got)","authorization":"Bearer AKCp2VpZDvgzzRrnxdqQ3nfeLAwXPsv1HcP19Jret7nhY5J4KYZLpd2S4DTabJKX2DaULEY9o","accept":"application/vnd.docker.distribution.manifest.v2+json","accept-encoding":"gzip, deflate"},"hooks":{"beforeRequest":[],"beforeRedirect":[],"beforeRetry":[],"afterResponse":[]},"decompress":true,"throwHttpErrors":true,"followRedirect":true,"stream":false,"form":false,"json":true,"cache":false,"useElectronNet":false,"gotTimeout":{"request":10000},"method":"GET"},"statusCode":406,"statusMessage":"Not Acceptable","headers":{"date":"Tue, 22 Jan 2019 08:54:18 GMT","content-type":"application/json","transfer-encoding":"chunked","connection":"close","server":"Artifactory/6.0.3","x-artifactory-id":"6a4f4da66826cf7f6357ac0731b89afb6693be05","x-artifactory-node-id":"ip-10-104-194-205","x-frame-options":"DENY","x-content-type-options":"nosniff","x-xss-protection":"1; mode=block"},"body":{"errors":[{"status":406,"message":"Not Acceptable"}]},"message":"Response code 406 (Not Acceptable)","stack":"HTTPError: Response code 406 (Not Acceptable)\n    at EventEmitter.emitter.on (/usr/src/app/node_modules/got/source/as-promise.js:74:19)\n    at <anonymous>\n    at process._tickCallback (internal/process/next_tick.js:189:7)"},"msg":"Error getting docker image tags","time":"2019-01-22T08:54:18.689Z","v":0}
{"name":"renovate","hostname":"runner-403a8028-project-10046-concurrent-06zcq4","pid":93,"level":30,"repository":"mygroup/myrepo","dependency":"library/solr","packageFile":"solr-c/Dockerfile","msg":"Failed to look up dependency library/solr","time":"2019-01-22T08:54:18.689Z","v":0}
{"name":"renovate","hostname":"runner-403a8028-project-10046-concurrent-06zcq4","pid":93,"level":30,"repository":"mygroup/myrepo","dependency":"library/solr","packageFile":"solr-d/Dockerfile","msg":"Failed to look up dependency library/solr","time":"2019-01-22T08:54:18.690Z","v":0}
{"name":"renovate","hostname":"runner-403a8028-project-10046-concurrent-06zcq4","pid":93,"level":20,"repository":"mygroup/myrepo","digest":"sha256:eb3196e4e75478d336741c7cacfbf422dd1adf62b8cd98d580a3124aa37f7646","msg":"Got docker digest","time":"2019-01-22T08:54:20.523Z","v":0}
{"name":"renovate","hostname":"runner-403a8028-project-10046-concurrent-06zcq4","pid":93,"level":20,"repository":"mygroup/myrepo","dependency":"library/solr","msg":"1 result(s): ","time":"2019-01-22T08:54:20.545Z","v":0}
{"name":"renovate","hostname":"runner-403a8028-project-10046-concurrent-06zcq4","pid":93,"level":20,"repository":"mygroup/myrepo","digest":"sha256:491424526a6556f7698c5d659b55f15d63b63a864c420a1f607d1a9d90b18a4a","msg":"Got docker digest","time":"2019-01-22T08:54:20.635Z","v":0}
{"name":"renovate","hostname":"runner-403a8028-project-10046-concurrent-06zcq4","pid":93,"level":20,"repository":"mygroup/myrepo","dependency":"library/node","msg":"1 result(s): latest","time":"2019-01-22T08:54:20.639Z","v":0}
{"name":"renovate","hostname":"runner-403a8028-project-10046-concurrent-06zcq4","pid":93,"level":20,"repository":"mygroup/myrepo","digest":"sha256:491424526a6556f7698c5d659b55f15d63b63a864c420a1f607d1a9d90b18a4a","msg":"Got docker digest","time":"2019-01-22T08:54:20.924Z","v":0}
{"name":"renovate","hostname":"runner-403a8028-project-10046-concurrent-06zcq4","pid":93,"level":20,"repository":"mygroup/myrepo","dependency":"library/node","msg":"1 result(s): ","time":"2019-01-22T08:54:20.927Z","v":0}
{"name":"renovate","hostname":"runner-403a8028-project-10046-concurrent-06zcq4","pid":93,"level":20,"repository":"mygroup/myrepo","digest":"sha256:eb3196e4e75478d336741c7cacfbf422dd1adf62b8cd98d580a3124aa37f7646","msg":"Got docker digest","time":"2019-01-22T08:54:20.999Z","v":0}
{"name":"renovate","hostname":"runner-403a8028-project-10046-concurrent-06zcq4","pid":93,"level":20,"repository":"mygroup/myrepo","dependency":"library/solr","msg":"1 result(s): latest","time":"2019-01-22T08:54:21.002Z","v":0}
{"name":"renovate","hostname":"runner-403a8028-project-10046-concurrent-06zcq4","pid":93,"level":20,"repository":"mygroup/myrepo","config":{"dockerfile":[{"packageFile":"node-a/Dockerfile","manager":"dockerfile","deps":[{"dockerRegistry":"my-self-hosted-artifactory-url.com","depName":"library/node","currentDepTagDigest":"library/node","currentDepTag":"library/node","currentFrom":"my-self-hosted-artifactory-url.com/library/node","purl":"pkg:docker/library/node?registry=my-self-hosted-artifactory-url.com","commitMessageTopic":"Node.js","lineNumber":0,"fromPrefix":"FROM","fromSuffix":"","updates":[{"updateType":"pin","newDigest":"sha256:491424526a6556f7698c5d659b55f15d63b63a864c420a1f607d1a9d90b18a4a","newDigestShort":"4914245"}],"warnings":[],"skipReason":"unsupported-value"}]},{"packageFile":"node-b/Dockerfile","manager":"dockerfile","deps":[{"dockerRegistry":"my-self-hosted-artifactory-url.com","depName":"library/node","currentDepTagDigest":"library/node:latest","currentDepTag":"library/node:latest","currentValue":"latest","currentFrom":"my-self-hosted-artifactory-url.com/library/node:latest","purl":"pkg:docker/library/node?registry=my-self-hosted-artifactory-url.com","commitMessageTopic":"Node.js","lineNumber":0,"fromPrefix":"FROM","fromSuffix":"","updates":[{"updateType":"pin","newValue":"latest","newVersion":"latest","newDigest":"sha256:491424526a6556f7698c5d659b55f15d63b63a864c420a1f607d1a9d90b18a4a","newDigestShort":"4914245"}],"warnings":[]}]},{"packageFile":"node-c/Dockerfile","manager":"dockerfile","deps":[{"dockerRegistry":"my-self-hosted-artifactory-url.com","depName":"library/node","currentDepTagDigest":"library/node:8.9.4","currentDepTag":"library/node:8.9.4","currentValue":"8.9.4","currentFrom":"my-self-hosted-artifactory-url.com/library/node:8.9.4","purl":"pkg:docker/library/node?registry=my-self-hosted-artifactory-url.com","commitMessageTopic":"Node.js","lineNumber":0,"fromPrefix":"FROM","fromSuffix":"","updates":[],"warnings":[{"updateType":"warning","message":"Failed to look up dependency library/node"}]}]},{"packageFile":"node-d/Dockerfile","manager":"dockerfile","deps":[{"dockerRegistry":"my-self-hosted-artifactory-url.com","depName":"library/node","currentDepTagDigest":"library/node:8.9.4-alpine","currentDepTag":"library/node:8.9.4-alpine","currentValue":"8.9.4-alpine","currentFrom":"my-self-hosted-artifactory-url.com/library/node:8.9.4-alpine","purl":"pkg:docker/library/node?registry=my-self-hosted-artifactory-url.com","commitMessageTopic":"Node.js","lineNumber":0,"fromPrefix":"FROM","fromSuffix":"","updates":[],"warnings":[{"updateType":"warning","message":"Failed to look up dependency library/node"}]}]},{"packageFile":"solr-a/Dockerfile","manager":"dockerfile","deps":[{"dockerRegistry":"my-self-hosted-artifactory-url.com","depName":"library/solr","currentDepTagDigest":"library/solr","currentDepTag":"library/solr","currentFrom":"my-self-hosted-artifactory-url.com/library/solr","purl":"pkg:docker/library/solr?registry=my-self-hosted-artifactory-url.com","lineNumber":0,"fromPrefix":"FROM","fromSuffix":"","updates":[{"updateType":"pin","newDigest":"sha256:eb3196e4e75478d336741c7cacfbf422dd1adf62b8cd98d580a3124aa37f7646","newDigestShort":"eb3196e"}],"warnings":[],"skipReason":"unsupported-value"}]},{"packageFile":"solr-b/Dockerfile","manager":"dockerfile","deps":[{"dockerRegistry":"my-self-hosted-artifactory-url.com","depName":"library/solr","currentDepTagDigest":"library/solr:latest","currentDepTag":"library/solr:latest","currentValue":"latest","currentFrom":"my-self-hosted-artifactory-url.com/library/solr:latest","purl":"pkg:docker/library/solr?registry=my-self-hosted-artifactory-url.com","lineNumber":0,"fromPrefix":"FROM","fromSuffix":"","updates":[{"updateType":"pin","newValue":"latest","newVersion":"latest","newDigest":"sha256:eb3196e4e75478d336741c7cacfbf422dd1adf62b8cd98d580a3124aa37f7646","newDigestShort":"eb3196e"}],"warnings":[]}]},{"packageFile":"solr-c/Dockerfile","manager":"dockerfile","deps":[{"dockerRegistry":"my-self-hosted-artifactory-url.com","depName":"library/solr","currentDepTagDigest":"library/solr:7.4","currentDepTag":"library/solr:7.4","currentValue":"7.4","currentFrom":"my-self-hosted-artifactory-url.com/library/solr:7.4","purl":"pkg:docker/library/solr?registry=my-self-hosted-artifactory-url.com","lineNumber":0,"fromPrefix":"FROM","fromSuffix":"","updates":[],"warnings":[{"updateType":"warning","message":"Failed to look up dependency library/solr"}]}]},{"packageFile":"solr-d/Dockerfile","manager":"dockerfile","deps":[{"dockerRegistry":"my-self-hosted-artifactory-url.com","depName":"library/solr","currentDepTagDigest":"library/solr:7.4-alpine","currentDepTag":"library/solr:7.4-alpine","currentValue":"7.4-alpine","currentFrom":"my-self-hosted-artifactory-url.com/library/solr:7.4-alpine","purl":"pkg:docker/library/solr?registry=my-self-hosted-artifactory-url.com","lineNumber":0,"fromPrefix":"FROM","fromSuffix":"","updates":[],"warnings":[{"updateType":"warning","message":"Failed to look up dependency library/solr"}]}]}]},"msg":"packageFiles with updates","time":"2019-01-22T08:54:21.003Z","v":0}
{"name":"renovate","hostname":"runner-403a8028-project-10046-concurrent-06zcq4","pid":93,"level":20,"repository":"mygroup/myrepo","msg":"branchifyUpgrades","time":"2019-01-22T08:54:21.004Z","v":0}
{"name":"renovate","hostname":"runner-403a8028-project-10046-concurrent-06zcq4","pid":93,"level":20,"repository":"mygroup/myrepo","msg":"4 flattened updates found: library/node, library/node, library/solr, library/solr","time":"2019-01-22T08:54:21.016Z","v":0}
{"name":"renovate","hostname":"runner-403a8028-project-10046-concurrent-06zcq4","pid":93,"level":20,"repository":"mygroup/myrepo","msg":"Using group branchName template","time":"2019-01-22T08:54:21.016Z","v":0}
{"name":"renovate","hostname":"runner-403a8028-project-10046-concurrent-06zcq4","pid":93,"level":20,"repository":"mygroup/myrepo","msg":"Dependency library/node is part of group Docker digests","time":"2019-01-22T08:54:21.016Z","v":0}
{"name":"renovate","hostname":"runner-403a8028-project-10046-concurrent-06zcq4","pid":93,"level":20,"repository":"mygroup/myrepo","msg":"Using group branchName template","time":"2019-01-22T08:54:21.028Z","v":0}
{"name":"renovate","hostname":"runner-403a8028-project-10046-concurrent-06zcq4","pid":93,"level":20,"repository":"mygroup/myrepo","msg":"Dependency library/node is part of group Docker digests","time":"2019-01-22T08:54:21.028Z","v":0}
{"name":"renovate","hostname":"runner-403a8028-project-10046-concurrent-06zcq4","pid":93,"level":20,"repository":"mygroup/myrepo","msg":"Using group branchName template","time":"2019-01-22T08:54:21.029Z","v":0}
{"name":"renovate","hostname":"runner-403a8028-project-10046-concurrent-06zcq4","pid":93,"level":20,"repository":"mygroup/myrepo","msg":"Dependency library/solr is part of group Docker digests","time":"2019-01-22T08:54:21.030Z","v":0}
{"name":"renovate","hostname":"runner-403a8028-project-10046-concurrent-06zcq4","pid":93,"level":20,"repository":"mygroup/myrepo","msg":"Using group branchName template","time":"2019-01-22T08:54:21.031Z","v":0}
{"name":"renovate","hostname":"runner-403a8028-project-10046-concurrent-06zcq4","pid":93,"level":20,"repository":"mygroup/myrepo","msg":"Dependency library/solr is part of group Docker digests","time":"2019-01-22T08:54:21.031Z","v":0}
{"name":"renovate","hostname":"runner-403a8028-project-10046-concurrent-06zcq4","pid":93,"level":20,"repository":"mygroup/myrepo","msg":"Returning 2 branch(es)","time":"2019-01-22T08:54:21.032Z","v":0}
{"name":"renovate","hostname":"runner-403a8028-project-10046-concurrent-06zcq4","pid":93,"level":20,"repository":"mygroup/myrepo","branch":"renovate/digests-pin","msg":"generateBranchConfig(2)","time":"2019-01-22T08:54:21.033Z","v":0}
{"name":"renovate","hostname":"runner-403a8028-project-10046-concurrent-06zcq4","pid":93,"level":20,"repository":"mygroup/myrepo","branch":"renovate/digests-pin","msg":"hasGroupName: true","time":"2019-01-22T08:54:21.033Z","v":0} {"name":"renovate","hostname":"runner-403a8028-project-10046-concurrent-06zcq4","pid":93,"level":20,"repository":"mygroup/myrepo","branch":"renovate/digests-pin","msg":"groupEligible: false","time":"2019-01-22T08:54:21.033Z","v":0}
{"name":"renovate","hostname":"runner-403a8028-project-10046-concurrent-06zcq4","pid":93,"level":20,"repository":"mygroup/myrepo","branch":"renovate/digests-pin","msg":"useGroupSettings: false","time":"2019-01-22T08:54:21.033Z","v":0}
{"name":"renovate","hostname":"runner-403a8028-project-10046-concurrent-06zcq4","pid":93,"level":20,"repository":"mygroup/myrepo","branch":"renovate/digests-pin","msg":"Compiling branchName: renovate/digests-pin","time":"2019-01-22T08:54:21.033Z","v":0}
{"name":"renovate","hostname":"runner-403a8028-project-10046-concurrent-06zcq4","pid":93,"level":20,"repository":"mygroup/myrepo","branch":"renovate/digests-pin","msg":"commitMessage: \"Pin Node.js\"","time":"2019-01-22T08:54:21.035Z","v":0}
{"name":"renovate","hostname":"runner-403a8028-project-10046-concurrent-06zcq4","pid":93,"level":20,"repository":"mygroup/myrepo","branch":"renovate/digests-pin","msg":"prTitle: \"Pin Node.js\"","time":"2019-01-22T08:54:21.036Z","v":0}
{"name":"renovate","hostname":"runner-403a8028-project-10046-concurrent-06zcq4","pid":93,"level":20,"repository":"mygroup/myrepo","branch":"renovate/digests-pin","msg":"Compiling branchName: renovate/digests-pin","time":"2019-01-22T08:54:21.036Z","v":0}
{"name":"renovate","hostname":"runner-403a8028-project-10046-concurrent-06zcq4","pid":93,"level":20,"repository":"mygroup/myrepo","branch":"renovate/digests-pin","msg":"commitMessage: \"Pin Node.js\"","time":"2019-01-22T08:54:21.037Z","v":0}
{"name":"renovate","hostname":"runner-403a8028-project-10046-concurrent-06zcq4","pid":93,"level":20,"repository":"mygroup/myrepo","branch":"renovate/digests-pin","msg":"prTitle: \"Pin Node.js\"","time":"2019-01-22T08:54:21.038Z","v":0}
{"name":"renovate","hostname":"runner-403a8028-project-10046-concurrent-06zcq4","pid":93,"level":20,"repository":"mygroup/myrepo","branch":"renovate/digests-pin","msg":"Overriding schedule for Pin PR","time":"2019-01-22T08:54:21.038Z","v":0}
{"name":"renovate","hostname":"runner-403a8028-project-10046-concurrent-06zcq4","pid":93,"level":20,"repository":"mygroup/myrepo","branch":"renovate/docker-digests-pin","msg":"generateBranchConfig(2)","time":"2019-01-22T08:54:21.038Z","v":0}
{"name":"renovate","hostname":"runner-403a8028-project-10046-concurrent-06zcq4","pid":93,"level":20,"repository":"mygroup/myrepo","branch":"renovate/docker-digests-pin","msg":"hasGroupName: true","time":"2019-01-22T08:54:21.038Z","v":0}
{"name":"renovate","hostname":"runner-403a8028-project-10046-concurrent-06zcq4","pid":93,"level":20,"repository":"mygroup/myrepo","branch":"renovate/docker-digests-pin","msg":"groupEligible: false","time":"2019-01-22T08:54:21.038Z","v":0}
{"name":"renovate","hostname":"runner-403a8028-project-10046-concurrent-06zcq4","pid":93,"level":20,"repository":"mygroup/myrepo","branch":"renovate/docker-digests-pin","msg":"useGroupSettings: false","time":"2019-01-22T08:54:21.038Z","v":0}
{"name":"renovate","hostname":"runner-403a8028-project-10046-concurrent-06zcq4","pid":93,"level":20,"repository":"mygroup/myrepo","branch":"renovate/docker-digests-pin","msg":"Compiling branchName: renovate/docker-digests-pin","time":"2019-01-22T08:54:21.038Z","v":0}
{"name":"renovate","hostname":"runner-403a8028-project-10046-concurrent-06zcq4","pid":93,"level":20,"repository":"mygroup/myrepo","branch":"renovate/docker-digests-pin","msg":"commitMessage: \"Pin library/solr Docker tag\"","time":"2019-01-22T08:54:21.041Z","v":0}
{"name":"renovate","hostname":"runner-403a8028-project-10046-concurrent-06zcq4","pid":93,"level":20,"repository":"mygroup/myrepo","branch":"renovate/docker-digests-pin","msg":"prTitle: \"Pin library/solr Docker tag\"","time":"2019-01-22T08:54:21.041Z","v":0}
{"name":"renovate","hostname":"runner-403a8028-project-10046-concurrent-06zcq4","pid":93,"level":20,"repository":"mygroup/myrepo","branch":"renovate/docker-digests-pin","msg":"Compiling branchName: renovate/docker-digests-pin","time":"2019-01-22T08:54:21.041Z","v":0}
{"name":"renovate","hostname":"runner-403a8028-project-10046-concurrent-06zcq4","pid":93,"level":20,"repository":"mygroup/myrepo","branch":"renovate/docker-digests-pin","msg":"commitMessage: \"Pin library/solr Docker tag\"","time":"2019-01-22T08:54:21.043Z","v":0}
{"name":"renovate","hostname":"runner-403a8028-project-10046-concurrent-06zcq4","pid":93,"level":20,"repository":"mygroup/myrepo","branch":"renovate/docker-digests-pin","msg":"prTitle: \"Pin library/solr Docker tag\"","time":"2019-01-22T08:54:21.043Z","v":0}
{"name":"renovate","hostname":"runner-403a8028-project-10046-concurrent-06zcq4","pid":93,"level":20,"repository":"mygroup/myrepo","branch":"renovate/docker-digests-pin","msg":"Overriding schedule for Pin PR","time":"2019-01-22T08:54:21.044Z","v":0}
{"name":"renovate","hostname":"runner-403a8028-project-10046-concurrent-06zcq4","pid":93,"level":20,"repository":"mygroup/myrepo","msg":"config.repoIsOnboarded=false","time":"2019-01-22T08:54:21.044Z","v":0}
{"name":"renovate","hostname":"runner-403a8028-project-10046-concurrent-06zcq4","pid":93,"level":20,"repository":"mygroup/myrepo","msg":"ensureOnboardingPr()","time":"2019-01-22T08:54:21.044Z","v":0}
{"name":"renovate","hostname":"runner-403a8028-project-10046-concurrent-06zcq4","pid":93,"level":20,"repository":"mygroup/myrepo","msg":"getBranchPr(renovate/configure)","time":"2019-01-22T08:54:21.044Z","v":0}
{"name":"renovate","hostname":"runner-403a8028-project-10046-concurrent-06zcq4","pid":93,"level":20,"repository":"mygroup/myrepo","msg":"Checking if branch exists: renovate/configure","time":"2019-01-22T08:54:21.044Z","v":0}
{"name":"renovate","hostname":"runner-403a8028-project-10046-concurrent-06zcq4","pid":93,"level":20,"repository":"mygroup/myrepo","msg":"Branch exists","time":"2019-01-22T08:54:21.045Z","v":0}
{"name":"renovate","hostname":"runner-403a8028-project-10046-concurrent-06zcq4","pid":93,"level":20,"repository":"mygroup/myrepo","msg":"Got res with 1 results","time":"2019-01-22T08:54:21.045Z","v":0}
{"name":"renovate","hostname":"runner-403a8028-project-10046-concurrent-06zcq4","pid":93,"level":20,"repository":"mygroup/myrepo","msg":"getPr(5)","time":"2019-01-22T08:54:21.045Z","v":0}
{"name":"renovate","hostname":"runner-403a8028-project-10046-concurrent-06zcq4","pid":93,"level":20,"repository":"mygroup/myrepo","msg":"getBranchStatus(renovate/configure)","time":"2019-01-22T08:54:21.045Z","v":0}
{"name":"renovate","hostname":"runner-403a8028-project-10046-concurrent-06zcq4","pid":93,"level":20,"repository":"mygroup/myrepo","msg":"Got res with 0 results","time":"2019-01-22T08:54:21.045Z","v":0}
{"name":"renovate","hostname":"runner-403a8028-project-10046-concurrent-06zcq4","pid":93,"level":20,"repository":"mygroup/myrepo","msg":"Filling in onboarding PR template","time":"2019-01-22T08:54:21.045Z","v":0}
{"name":"renovate","hostname":"runner-403a8028-project-10046-concurrent-06zcq4","pid":93,"level":20,"repository":"mygroup/myrepo","msg":"getConfigDesc()","time":"2019-01-22T08:54:21.045Z","v":0}
{"name":"renovate","hostname":"runner-403a8028-project-10046-concurrent-06zcq4","pid":93,"level":20,"repository":"mygroup/myrepo","msg":"getDescriptionArray()","time":"2019-01-22T08:54:21.045Z","v":0}
{"name":"renovate","hostname":"runner-403a8028-project-10046-concurrent-06zcq4","pid":93,"level":20,"repository":"mygroup/myrepo","msg":"getScheduleDesc()","time":"2019-01-22T08:54:21.046Z","v":0}
{"name":"renovate","hostname":"runner-403a8028-project-10046-concurrent-06zcq4","pid":93,"level":20,"repository":"mygroup/myrepo","msg":"No schedule","time":"2019-01-22T08:54:21.046Z","v":0}
{"name":"renovate","hostname":"runner-403a8028-project-10046-concurrent-06zcq4","pid":93,"level":20,"repository":"mygroup/myrepo","msg":"No config description found","time":"2019-01-22T08:54:21.046Z","v":0}
{"name":"renovate","hostname":"runner-403a8028-project-10046-concurrent-06zcq4","pid":93,"level":30,"repository":"mygroup/myrepo","warnings":["Failed to look up dependency library/node","Failed to look up dependency library/solr"],"warningFiles":["node-c/Dockerfile","node-d/Dockerfile","solr-c/Dockerfile","solr-d/Dockerfile"],"msg":"Found package lookup warnings in onboarding","time":"2019-01-22T08:54:21.046Z","v":0}
{"name":"renovate","hostname":"runner-403a8028-project-10046-concurrent-06zcq4","pid":93,"level":20,"repository":"mygroup/myrepo","msg":"getPrList()","time":"2019-01-22T08:54:21.047Z","v":0}
{"name":"renovate","hostname":"runner-403a8028-project-10046-concurrent-06zcq4","pid":93,"level":30,"repository":"mygroup/myrepo","msg":"Found open onboarding PR","time":"2019-01-22T08:54:21.047Z","v":0}
{"name":"renovate","hostname":"runner-403a8028-project-10046-concurrent-06zcq4","pid":93,"level":30,"repository":"mygroup/myrepo","msg":"Merge Request #5 does not need updating","time":"2019-01-22T08:54:21.047Z","v":0}
{"name":"renovate","hostname":"runner-403a8028-project-10046-concurrent-06zcq4","pid":93,"level":20,"repository":"mygroup/myrepo","msg":"branchPrefix: renovate/","time":"2019-01-22T08:54:21.048Z","v":0}
{"name":"renovate","hostname":"runner-403a8028-project-10046-concurrent-06zcq4","pid":93,"level":20,"repository":"mygroup/myrepo","renovatePrs":[],"msg":"Found 0 Renovate PRs","time":"2019-01-22T08:54:21.049Z","v":0}
{"name":"renovate","hostname":"runner-403a8028-project-10046-concurrent-06zcq4","pid":93,"level":20,"repository":"mygroup/myrepo","msg":"Removing any stale branches","time":"2019-01-22T08:54:21.049Z","v":0}
{"name":"renovate","hostname":"runner-403a8028-project-10046-concurrent-06zcq4","pid":93,"level":20,"repository":"mygroup/myrepo","msg":"config.repoIsOnboarded=false","time":"2019-01-22T08:54:21.049Z","v":0}
{"name":"renovate","hostname":"runner-403a8028-project-10046-concurrent-06zcq4","pid":93,"level":20,"repository":"mygroup/myrepo","msg":"getAllRenovateBranches(renovate/)","time":"2019-01-22T08:54:21.049Z","v":0}
{"name":"renovate","hostname":"runner-403a8028-project-10046-concurrent-06zcq4","pid":93,"level":20,"repository":"mygroup/myrepo","path":"projects/mygroup%2Fmyrepo/repository/branches","msg":"GET","time":"2019-01-22T08:54:21.049Z","v":0}
{"name":"renovate","hostname":"runner-403a8028-project-10046-concurrent-06zcq4","pid":93,"level":20,"repository":"mygroup/myrepo","branchList":["renovate/configure"],"renovateBranches":["renovate/configure"],"msg":"Branch lists","time":"2019-01-22T08:54:21.323Z","v":0}
{"name":"renovate","hostname":"runner-403a8028-project-10046-concurrent-06zcq4","pid":93,"level":20,"repository":"mygroup/myrepo","msg":"remainingBranches=","time":"2019-01-22T08:54:21.323Z","v":0}
{"name":"renovate","hostname":"runner-403a8028-project-10046-concurrent-06zcq4","pid":93,"level":20,"repository":"mygroup/myrepo","msg":"No branches to clean up","time":"2019-01-22T08:54:21.323Z","v":0}
{"name":"renovate","hostname":"runner-403a8028-project-10046-concurrent-06zcq4","pid":93,"level":20,"repository":"mygroup/myrepo","msg":"ensureIssueClosing()","time":"2019-01-22T08:54:21.323Z","v":0}
{"name":"renovate","hostname":"runner-403a8028-project-10046-concurrent-06zcq4","pid":93,"level":20,"repository":"mygroup/myrepo","path":"projects/mygroup%2Fmyrepo/issues?state=opened","msg":"GET","time":"2019-01-22T08:54:21.323Z","v":0}
{"name":"renovate","hostname":"runner-403a8028-project-10046-concurrent-06zcq4","pid":93,"level":30,"repository":"mygroup/myrepo","msg":"Finished repository","time":"2019-01-22T08:54:21.464Z","v":0}
{"name":"renovate","hostname":"runner-403a8028-project-10046-concurrent-06zcq4","pid":93,"level":30,"msg":"Renovate finished","time":"2019-01-22T08:54:21.464Z","v":0}
